<?xml version="1.0" encoding="UTF-8"?>
<!-- Generated by org.testng.reporters.JUnitXMLReporter -->
<testsuite ignored="3" hostname="DESKTOP-N2CIL4O" failures="0" tests="2" name=" UI-smokeTests" time="4.621" errors="0" timestamp="2022-11-30T15:56:02 CST">
  <testcase classname="tests.SignupTests" name="SignUpTest" time="4.567"/>
  <testcase classname="tests.SignupTests" name="testCase5" time="0.001"/>
  <testcase classname="tests.SignupTests" name="testCase1" time="0.0">
    <ignored/>
  </testcase> <!-- testCase1 -->
  <testcase classname="tests.SignupTests" name="testCase3" time="0.0">
    <ignored/>
  </testcase> <!-- testCase3 -->
  <testcase classname="tests.SignupTests" name="testCase4" time="0.0">
    <ignored/>
  </testcase> <!-- testCase4 -->
</testsuite> <!--  UI-smokeTests -->
