<?xml version="1.0" encoding="UTF-8"?>
<!-- Generated by org.testng.reporters.JUnitXMLReporter -->
<testsuite ignored="0" hostname="DESKTOP-N2CIL4O" failures="0" tests="5" name="UI-regression" time="4.858" errors="0" timestamp="2022-12-05T12:05:42 CST">
  <testcase classname="tests.SignupTests" name="testCase1" time="0.008"/>
  <testcase classname="tests.SignupTests" name="testCase4" time="0.002"/>
  <testcase classname="tests.SignupTests" name="testCase5" time="0.001"/>
  <testcase classname="tests.SignupTests" name="testCase3" time="0.0"/>
  <testcase classname="tests.SignupTests" name="SignUpTest" time="2.753"/>
</testsuite> <!-- UI-regression -->
